<?xml version="1.0" encoding="UTF-8"?>
<testsuite name="org.test.WebpageTest" tests="1" skipped="0" failures="0" errors="0" timestamp="2025-05-20T09:06:40.665Z" hostname="LAPTOP-5JRI3BUL" time="0.015">
  <properties/>
  <testcase name="titleValidationTest" classname="org.test.WebpageTest" time="0.015"/>
  <system-out><![CDATA[]]></system-out>
  <system-err><![CDATA[]]></system-err>
</testsuite>
